Started GET "/" for 127.0.0.1 at 2022-04-17 21:43:42 +0530
  [1m[36mActiveRecord::SchemaMigration Pluck (0.7ms)[0m  [1m[34mSELECT "schema_migrations"."version" FROM "schema_migrations" ORDER BY "schema_migrations"."version" ASC[0m
Processing by UsersController#index as HTML
  Rendering layout layouts/application.html.erb
  Rendering users/index.html.erb within layouts/application
  [1m[36mUser Load (0.8ms)[0m  [1m[34mSELECT "users".* FROM "users"[0m
  ↳ app/views/users/index.html.erb:4
  Rendered users/index.html.erb within layouts/application (Duration: 29.7ms | Allocations: 7086)
  Rendered layout layouts/application.html.erb (Duration: 353.8ms | Allocations: 100939)
Completed 200 OK in 395ms (Views: 356.1ms | ActiveRecord: 4.9ms | Allocations: 107195)


Started GET "/user/new" for 127.0.0.1 at 2022-04-17 21:43:54 +0530
  
ActionController::RoutingError (No route matches [GET] "/user/new"):
  
Started GET "/users/new" for 127.0.0.1 at 2022-04-17 21:44:00 +0530
Processing by UsersController#new as HTML
  Rendering layout layouts/application.html.erb
  Rendering users/new.html.erb within layouts/application
  Rendered users/_form.html.erb (Duration: 116.8ms | Allocations: 8855)
  Rendered users/new.html.erb within layouts/application (Duration: 118.1ms | Allocations: 9098)
  Rendered layout layouts/application.html.erb (Duration: 125.1ms | Allocations: 11148)
Completed 200 OK in 127ms (Views: 126.6ms | ActiveRecord: 0.0ms | Allocations: 11485)


Started GET "/users/new" for 127.0.0.1 at 2022-04-17 21:44:10 +0530
Processing by UsersController#new as HTML
  Rendering layout layouts/application.html.erb
  Rendering users/new.html.erb within layouts/application
  Rendered users/_form.html.erb (Duration: 6.3ms | Allocations: 1411)
  Rendered users/new.html.erb within layouts/application (Duration: 6.9ms | Allocations: 1482)
  Rendered layout layouts/application.html.erb (Duration: 19.9ms | Allocations: 3512)
Completed 200 OK in 21ms (Views: 20.6ms | ActiveRecord: 0.0ms | Allocations: 3785)


Started POST "/users" for 127.0.0.1 at 2022-04-17 21:45:26 +0530
Processing by UsersController#create as TURBO_STREAM
  Parameters: {"authenticity_token"=>"[FILTERED]", "user"=>{"name"=>"Souvick Mondal", "age"=>"22", "email"=>"abc@gmail.com", "status"=>"1", "address"=>"Udaynarayanpur,Howrah-711226"}, "commit"=>"Create User"}
[31mUnpermitted parameters: :email, :status. Context: { controller: UsersController, action: create, request: #<ActionDispatch::Request:0x00007f8eb0bf96b8>, params: {"authenticity_token"=>"[FILTERED]", "user"=>{"name"=>"Souvick Mondal", "age"=>"22", "email"=>"abc@gmail.com", "status"=>"1", "address"=>"Udaynarayanpur,Howrah-711226"}, "commit"=>"Create User", "controller"=>"users", "action"=>"create"} }[0m
  [1m[36mTRANSACTION (0.3ms)[0m  [1m[35mBEGIN[0m
  ↳ app/controllers/users_controller.rb:18:in `create'
  [1m[36mUser Create (0.6ms)[0m  [1m[32mINSERT INTO "users" ("name", "address", "age", "created_at", "updated_at", "email", "status") VALUES ($1, $2, $3, $4, $5, $6, $7) RETURNING "id"[0m  [["name", "Souvick Mondal"], ["address", "Udaynarayanpur,Howrah-711226"], ["age", 22], ["created_at", "2022-04-17 16:15:26.015834"], ["updated_at", "2022-04-17 16:15:26.015834"], ["email", nil], ["status", true]]
  ↳ app/controllers/users_controller.rb:18:in `create'
  [1m[36mTRANSACTION (96.7ms)[0m  [1m[35mCOMMIT[0m
  ↳ app/controllers/users_controller.rb:18:in `create'
Redirected to http://localhost:3000/users/2
Completed 302 Found in 105ms (ActiveRecord: 97.6ms | Allocations: 3331)


Started GET "/users/2" for 127.0.0.1 at 2022-04-17 21:45:26 +0530
Processing by UsersController#show as TURBO_STREAM
  Parameters: {"id"=>"2"}
  [1m[36mUser Load (0.3ms)[0m  [1m[34mSELECT "users".* FROM "users" WHERE "users"."id" = $1 LIMIT $2[0m  [["id", 2], ["LIMIT", 1]]
  ↳ app/controllers/users_controller.rb:8:in `show'
  Rendering layout layouts/application.html.erb
  Rendering users/show.html.erb within layouts/application
  Rendered users/show.html.erb within layouts/application (Duration: 1.2ms | Allocations: 301)
  Rendered layout layouts/application.html.erb (Duration: 4.8ms | Allocations: 2489)
Completed 200 OK in 29ms (Views: 5.5ms | ActiveRecord: 0.6ms | Allocations: 5233)


Started GET "/users/2" for 127.0.0.1 at 2022-04-17 21:49:44 +0530
Processing by UsersController#show as HTML
  Parameters: {"id"=>"2"}
  [1m[36mUser Load (0.8ms)[0m  [1m[34mSELECT "users".* FROM "users" WHERE "users"."id" = $1 LIMIT $2[0m  [["id", 2], ["LIMIT", 1]]
  ↳ app/controllers/users_controller.rb:8:in `show'
  Rendering layout layouts/application.html.erb
  Rendering users/show.html.erb within layouts/application
  Rendered users/show.html.erb within layouts/application (Duration: 0.4ms | Allocations: 99)
  Rendered layout layouts/application.html.erb (Duration: 22.5ms | Allocations: 13611)
Completed 200 OK in 41ms (Views: 25.3ms | ActiveRecord: 5.0ms | Allocations: 17358)


Started GET "/users/2" for 127.0.0.1 at 2022-04-17 21:49:46 +0530
Processing by UsersController#show as HTML
  Parameters: {"id"=>"2"}
  [1m[36mUser Load (0.4ms)[0m  [1m[34mSELECT "users".* FROM "users" WHERE "users"."id" = $1 LIMIT $2[0m  [["id", 2], ["LIMIT", 1]]
  ↳ app/controllers/users_controller.rb:8:in `show'
  Rendering layout layouts/application.html.erb
  Rendering users/show.html.erb within layouts/application
  Rendered users/show.html.erb within layouts/application (Duration: 0.4ms | Allocations: 87)
  Rendered layout layouts/application.html.erb (Duration: 4.4ms | Allocations: 2269)
Completed 200 OK in 8ms (Views: 5.2ms | ActiveRecord: 0.4ms | Allocations: 2994)


Started GET "/users/new" for 127.0.0.1 at 2022-04-17 21:49:48 +0530
Processing by UsersController#new as HTML
  Rendering layout layouts/application.html.erb
  Rendering users/new.html.erb within layouts/application
  Rendered users/_form.html.erb (Duration: 7.1ms | Allocations: 1428)
  Rendered users/new.html.erb within layouts/application (Duration: 7.7ms | Allocations: 1499)
  Rendered layout layouts/application.html.erb (Duration: 19.3ms | Allocations: 3529)
Completed 200 OK in 22ms (Views: 20.6ms | ActiveRecord: 0.0ms | Allocations: 3796)


Started GET "/users/2" for 127.0.0.1 at 2022-04-17 21:49:52 +0530
Processing by UsersController#show as HTML
  Parameters: {"id"=>"2"}
  [1m[36mUser Load (0.3ms)[0m  [1m[34mSELECT "users".* FROM "users" WHERE "users"."id" = $1 LIMIT $2[0m  [["id", 2], ["LIMIT", 1]]
  ↳ app/controllers/users_controller.rb:8:in `show'
  Rendering layout layouts/application.html.erb
  Rendering users/show.html.erb within layouts/application
  Rendered users/show.html.erb within layouts/application (Duration: 0.6ms | Allocations: 87)
  Rendered layout layouts/application.html.erb (Duration: 11.6ms | Allocations: 2271)
Completed 200 OK in 15ms (Views: 12.7ms | ActiveRecord: 0.3ms | Allocations: 3010)


Started GET "/users/1" for 127.0.0.1 at 2022-04-17 21:50:27 +0530
Processing by UsersController#show as HTML
  Parameters: {"id"=>"1"}
  [1m[36mUser Load (0.3ms)[0m  [1m[34mSELECT "users".* FROM "users" WHERE "users"."id" = $1 LIMIT $2[0m  [["id", 1], ["LIMIT", 1]]
  ↳ app/controllers/users_controller.rb:8:in `show'
  Rendering layout layouts/application.html.erb
  Rendering users/show.html.erb within layouts/application
  Rendered users/show.html.erb within layouts/application (Duration: 0.6ms | Allocations: 87)
  Rendered layout layouts/application.html.erb (Duration: 7.8ms | Allocations: 2257)
Completed 200 OK in 11ms (Views: 8.9ms | ActiveRecord: 0.3ms | Allocations: 2982)


Started GET "/users/2" for 127.0.0.1 at 2022-04-17 21:50:31 +0530
Processing by UsersController#show as HTML
  Parameters: {"id"=>"2"}
  [1m[36mUser Load (0.4ms)[0m  [1m[34mSELECT "users".* FROM "users" WHERE "users"."id" = $1 LIMIT $2[0m  [["id", 2], ["LIMIT", 1]]
  ↳ app/controllers/users_controller.rb:8:in `show'
  Rendering layout layouts/application.html.erb
  Rendering users/show.html.erb within layouts/application
  Rendered users/show.html.erb within layouts/application (Duration: 0.4ms | Allocations: 87)
  Rendered layout layouts/application.html.erb (Duration: 6.3ms | Allocations: 2263)
Completed 200 OK in 9ms (Views: 7.1ms | ActiveRecord: 0.4ms | Allocations: 2995)


Started GET "/users/3" for 127.0.0.1 at 2022-04-17 21:50:34 +0530
Processing by UsersController#show as HTML
  Parameters: {"id"=>"3"}
  [1m[36mUser Load (0.3ms)[0m  [1m[34mSELECT "users".* FROM "users" WHERE "users"."id" = $1 LIMIT $2[0m  [["id", 3], ["LIMIT", 1]]
  ↳ app/controllers/users_controller.rb:8:in `show'
Completed 404 Not Found in 3ms (ActiveRecord: 0.3ms | Allocations: 903)


  
ActiveRecord::RecordNotFound (Couldn't find User with 'id'=3):
  
app/controllers/users_controller.rb:8:in `show'
Started GET "/users/2" for 127.0.0.1 at 2022-04-17 21:50:37 +0530
Processing by UsersController#show as HTML
  Parameters: {"id"=>"2"}
  [1m[36mUser Load (1.0ms)[0m  [1m[34mSELECT "users".* FROM "users" WHERE "users"."id" = $1 LIMIT $2[0m  [["id", 2], ["LIMIT", 1]]
  ↳ app/controllers/users_controller.rb:8:in `show'
  Rendering layout layouts/application.html.erb
  Rendering users/show.html.erb within layouts/application
  Rendered users/show.html.erb within layouts/application (Duration: 0.4ms | Allocations: 87)
  Rendered layout layouts/application.html.erb (Duration: 9.4ms | Allocations: 2286)
Completed 200 OK in 18ms (Views: 10.6ms | ActiveRecord: 1.0ms | Allocations: 3012)


Started GET "/users/2/edit" for 127.0.0.1 at 2022-04-17 21:50:40 +0530
Processing by UsersController#edit as HTML
  Parameters: {"id"=>"2"}
  [1m[36mUser Load (0.4ms)[0m  [1m[34mSELECT "users".* FROM "users" WHERE "users"."id" = $1 LIMIT $2[0m  [["id", 2], ["LIMIT", 1]]
  ↳ app/controllers/users_controller.rb:26:in `edit'
  Rendering layout layouts/application.html.erb
  Rendering users/edit.html.erb within layouts/application
  Rendered users/_form.html.erb (Duration: 6.7ms | Allocations: 1486)
  Rendered users/edit.html.erb within layouts/application (Duration: 8.6ms | Allocations: 1677)
  Rendered layout layouts/application.html.erb (Duration: 18.0ms | Allocations: 3726)
Completed 200 OK in 25ms (Views: 19.0ms | ActiveRecord: 0.4ms | Allocations: 4508)


Started PATCH "/users/2" for 127.0.0.1 at 2022-04-17 21:50:52 +0530
Processing by UsersController#update as TURBO_STREAM
  Parameters: {"authenticity_token"=>"[FILTERED]", "user"=>{"name"=>"Souvick Mondal", "age"=>"22", "email"=>"abc@gmail.com", "status"=>"1", "address"=>"Udaynarayanpur,Howrah-711226"}, "commit"=>"Update User", "id"=>"2"}
  [1m[36mUser Load (0.3ms)[0m  [1m[34mSELECT "users".* FROM "users" WHERE "users"."id" = $1 LIMIT $2[0m  [["id", 2], ["LIMIT", 1]]
  ↳ app/controllers/users_controller.rb:30:in `update'
  [1m[36mTRANSACTION (0.3ms)[0m  [1m[35mBEGIN[0m
  ↳ app/controllers/users_controller.rb:32:in `update'
  [1m[36mUser Update (0.5ms)[0m  [1m[33mUPDATE "users" SET "updated_at" = $1, "email" = $2 WHERE "users"."id" = $3[0m  [["updated_at", "2022-04-17 16:20:52.302883"], ["email", "abc@gmail.com"], ["id", 2]]
  ↳ app/controllers/users_controller.rb:32:in `update'
  [1m[36mTRANSACTION (53.0ms)[0m  [1m[35mCOMMIT[0m
  ↳ app/controllers/users_controller.rb:32:in `update'
Redirected to http://localhost:3000/users/2
Completed 302 Found in 64ms (ActiveRecord: 54.1ms | Allocations: 2633)


Started GET "/users/2" for 127.0.0.1 at 2022-04-17 21:50:52 +0530
Processing by UsersController#show as TURBO_STREAM
  Parameters: {"id"=>"2"}
  [1m[36mUser Load (0.3ms)[0m  [1m[34mSELECT "users".* FROM "users" WHERE "users"."id" = $1 LIMIT $2[0m  [["id", 2], ["LIMIT", 1]]
  ↳ app/controllers/users_controller.rb:8:in `show'
  Rendering layout layouts/application.html.erb
  Rendering users/show.html.erb within layouts/application
  Rendered users/show.html.erb within layouts/application (Duration: 0.3ms | Allocations: 89)
  Rendered layout layouts/application.html.erb (Duration: 3.4ms | Allocations: 2270)
Completed 200 OK in 6ms (Views: 4.0ms | ActiveRecord: 0.3ms | Allocations: 3004)


Started GET "/users/1" for 127.0.0.1 at 2022-04-17 21:56:36 +0530
Processing by UsersController#show as HTML
  Parameters: {"id"=>"1"}
  [1m[36mUser Load (0.4ms)[0m  [1m[34mSELECT "users".* FROM "users" WHERE "users"."id" = $1 LIMIT $2[0m  [["id", 1], ["LIMIT", 1]]
  ↳ app/controllers/users_controller.rb:8:in `show'
  Rendering layout layouts/application.html.erb
  Rendering users/show.html.erb within layouts/application
  Rendered users/show.html.erb within layouts/application (Duration: 1.3ms | Allocations: 321)
  Rendered layout layouts/application.html.erb (Duration: 6.1ms | Allocations: 2735)
Completed 200 OK in 12ms (Views: 8.0ms | ActiveRecord: 0.4ms | Allocations: 4106)


Started GET "/users/2" for 127.0.0.1 at 2022-04-17 21:56:40 +0530
Processing by UsersController#show as HTML
  Parameters: {"id"=>"2"}
  [1m[36mUser Load (0.3ms)[0m  [1m[34mSELECT "users".* FROM "users" WHERE "users"."id" = $1 LIMIT $2[0m  [["id", 2], ["LIMIT", 1]]
  ↳ app/controllers/users_controller.rb:8:in `show'
  Rendering layout layouts/application.html.erb
  Rendering users/show.html.erb within layouts/application
  Rendered users/show.html.erb within layouts/application (Duration: 0.3ms | Allocations: 96)
  Rendered layout layouts/application.html.erb (Duration: 4.2ms | Allocations: 2278)
Completed 200 OK in 7ms (Views: 5.0ms | ActiveRecord: 0.3ms | Allocations: 3005)


Started GET "/users/2" for 127.0.0.1 at 2022-04-17 21:58:38 +0530
Processing by UsersController#show as HTML
  Parameters: {"id"=>"2"}
  [1m[36mUser Load (0.8ms)[0m  [1m[34mSELECT "users".* FROM "users" WHERE "users"."id" = $1 LIMIT $2[0m  [["id", 2], ["LIMIT", 1]]
  ↳ app/controllers/users_controller.rb:8:in `show'
  Rendering layout layouts/application.html.erb
  Rendering users/show.html.erb within layouts/application
  Rendered users/show.html.erb within layouts/application (Duration: 2.3ms | Allocations: 328)
  Rendered layout layouts/application.html.erb (Duration: 10.7ms | Allocations: 2719)
Completed 200 OK in 19ms (Views: 13.2ms | ActiveRecord: 0.8ms | Allocations: 4090)


Started GET "/users/2" for 127.0.0.1 at 2022-04-17 21:58:58 +0530
Processing by UsersController#show as HTML
  Parameters: {"id"=>"2"}
  [1m[36mUser Load (0.4ms)[0m  [1m[34mSELECT "users".* FROM "users" WHERE "users"."id" = $1 LIMIT $2[0m  [["id", 2], ["LIMIT", 1]]
  ↳ app/controllers/users_controller.rb:8:in `show'
  Rendering layout layouts/application.html.erb
  Rendering users/show.html.erb within layouts/application
  Rendered users/show.html.erb within layouts/application (Duration: 2.1ms | Allocations: 328)
  Rendered layout layouts/application.html.erb (Duration: 12.1ms | Allocations: 2714)
Completed 200 OK in 19ms (Views: 16.2ms | ActiveRecord: 0.4ms | Allocations: 4085)


Started GET "/users/" for 127.0.0.1 at 2022-04-17 21:59:34 +0530
Processing by UsersController#index as HTML
  Rendering layout layouts/application.html.erb
  Rendering users/index.html.erb within layouts/application
  [1m[36mUser Load (0.5ms)[0m  [1m[34mSELECT "users".* FROM "users"[0m
  ↳ app/views/users/index.html.erb:4
  Rendered users/index.html.erb within layouts/application (Duration: 3.8ms | Allocations: 827)
  Rendered layout layouts/application.html.erb (Duration: 11.4ms | Allocations: 3235)
Completed 200 OK in 16ms (Views: 13.6ms | ActiveRecord: 0.5ms | Allocations: 4143)


Started GET "/users/get_user_details/2" for 127.0.0.1 at 2022-04-17 21:59:38 +0530
Processing by UsersController#get_user_details as HTML
  Parameters: {"id"=>"2"}
  [1m[36mUser Load (0.4ms)[0m  [1m[34mSELECT "users".* FROM "users" WHERE "users"."id" = $1 LIMIT $2[0m  [["id", 2], ["LIMIT", 1]]
  ↳ app/controllers/users_controller.rb:47:in `get_user_details'
  Rendering layout layouts/application.html.erb
  Rendering users/get_user_details.html.erb within layouts/application
  Rendered users/get_user_details.html.erb within layouts/application (Duration: 1.5ms | Allocations: 210)
  Rendered layout layouts/application.html.erb (Duration: 6.6ms | Allocations: 2394)
Completed 200 OK in 13ms (Views: 9.0ms | ActiveRecord: 0.4ms | Allocations: 3176)


Started GET "/users/1" for 127.0.0.1 at 2022-04-17 21:59:48 +0530
Processing by UsersController#show as HTML
  Parameters: {"id"=>"1"}
  [1m[36mUser Load (0.3ms)[0m  [1m[34mSELECT "users".* FROM "users" WHERE "users"."id" = $1 LIMIT $2[0m  [["id", 1], ["LIMIT", 1]]
  ↳ app/controllers/users_controller.rb:8:in `show'
  Rendering layout layouts/application.html.erb
  Rendering users/show.html.erb within layouts/application
  Rendered users/show.html.erb within layouts/application (Duration: 1.9ms | Allocations: 324)
  Rendered layout layouts/application.html.erb (Duration: 9.8ms | Allocations: 2430)
Completed 200 OK in 15ms (Views: 11.0ms | ActiveRecord: 0.3ms | Allocations: 3208)


Started GET "/users/get_user_details/1" for 127.0.0.1 at 2022-04-17 22:00:44 +0530
Processing by UsersController#get_user_details as HTML
  Parameters: {"id"=>"1"}
  [1m[36mUser Load (0.4ms)[0m  [1m[34mSELECT "users".* FROM "users" WHERE "users"."id" = $1 LIMIT $2[0m  [["id", 1], ["LIMIT", 1]]
  ↳ app/controllers/users_controller.rb:47:in `get_user_details'
  Rendering layout layouts/application.html.erb
  Rendering users/get_user_details.html.erb within layouts/application
  Rendered users/get_user_details.html.erb within layouts/application (Duration: 0.5ms | Allocations: 26)
  Rendered layout layouts/application.html.erb (Duration: 8.6ms | Allocations: 2207)
Completed 200 OK in 12ms (Views: 9.3ms | ActiveRecord: 0.4ms | Allocations: 2937)


Started GET "/users/1" for 127.0.0.1 at 2022-04-17 22:47:40 +0530
Processing by UsersController#show as HTML
  Parameters: {"id"=>"1"}
  [1m[36mUser Load (0.4ms)[0m  [1m[34mSELECT "users".* FROM "users" WHERE "users"."id" = $1 LIMIT $2[0m  [["id", 1], ["LIMIT", 1]]
  ↳ app/controllers/users_controller.rb:8:in `show'
  Rendering layout layouts/application.html.erb
  Rendering users/show.html.erb within layouts/application
  Rendered users/show.html.erb within layouts/application (Duration: 0.4ms | Allocations: 91)
  Rendered layout layouts/application.html.erb (Duration: 5.1ms | Allocations: 2267)
Completed 200 OK in 40ms (Views: 5.8ms | ActiveRecord: 13.6ms | Allocations: 5448)


Started GET "/users/1" for 127.0.0.1 at 2022-04-17 22:47:43 +0530
Processing by UsersController#show as HTML
  Parameters: {"id"=>"1"}
  [1m[36mUser Load (0.7ms)[0m  [1m[34mSELECT "users".* FROM "users" WHERE "users"."id" = $1 LIMIT $2[0m  [["id", 1], ["LIMIT", 1]]
  ↳ app/controllers/users_controller.rb:8:in `show'
  Rendering layout layouts/application.html.erb
  Rendering users/show.html.erb within layouts/application
  Rendered users/show.html.erb within layouts/application (Duration: 0.4ms | Allocations: 91)
  Rendered layout layouts/application.html.erb (Duration: 5.7ms | Allocations: 2265)
Completed 200 OK in 10ms (Views: 6.8ms | ActiveRecord: 0.7ms | Allocations: 2991)


Started GET "/users/2" for 127.0.0.1 at 2022-04-17 22:47:44 +0530
Processing by UsersController#show as HTML
  Parameters: {"id"=>"2"}
  [1m[36mUser Load (0.5ms)[0m  [1m[34mSELECT "users".* FROM "users" WHERE "users"."id" = $1 LIMIT $2[0m  [["id", 2], ["LIMIT", 1]]
  ↳ app/controllers/users_controller.rb:8:in `show'
  Rendering layout layouts/application.html.erb
  Rendering users/show.html.erb within layouts/application
  Rendered users/show.html.erb within layouts/application (Duration: 0.5ms | Allocations: 91)
  Rendered layout layouts/application.html.erb (Duration: 8.9ms | Allocations: 2267)
Completed 200 OK in 13ms (Views: 10.3ms | ActiveRecord: 0.5ms | Allocations: 2993)


Started GET "/" for 127.0.0.1 at 2022-04-19 00:32:56 +0530
  [1m[36mActiveRecord::SchemaMigration Pluck (0.7ms)[0m  [1m[34mSELECT "schema_migrations"."version" FROM "schema_migrations" ORDER BY "schema_migrations"."version" ASC[0m
Processing by UsersController#index as HTML
  Rendering layout layouts/application.html.erb
  Rendering users/index.html.erb within layouts/application
  [1m[36mUser Load (0.7ms)[0m  [1m[34mSELECT "users".* FROM "users"[0m
  ↳ app/views/users/index.html.erb:4
  Rendered users/index.html.erb within layouts/application (Duration: 19.2ms | Allocations: 6866)
  Rendered layout layouts/application.html.erb (Duration: 96.7ms | Allocations: 40721)
Completed 200 OK in 127ms (Views: 95.2ms | ActiveRecord: 5.7ms | Allocations: 45760)


Started GET "/users/get_user_details/2" for 127.0.0.1 at 2022-04-19 00:33:02 +0530
Processing by UsersController#get_user_details as HTML
  Parameters: {"id"=>"2"}
  [1m[36mUser Load (0.3ms)[0m  [1m[34mSELECT "users".* FROM "users" WHERE "users"."id" = $1 LIMIT $2[0m  [["id", 2], ["LIMIT", 1]]
  ↳ app/controllers/users_controller.rb:47:in `get_user_details'
  Rendering layout layouts/application.html.erb
  Rendering users/get_user_details.html.erb within layouts/application
  Rendered users/get_user_details.html.erb within layouts/application (Duration: 1.2ms | Allocations: 221)
  Rendered layout layouts/application.html.erb (Duration: 13.5ms | Allocations: 2462)
Completed 200 OK in 74ms (Views: 14.5ms | ActiveRecord: 0.5ms | Allocations: 4936)


Started GET "/users/get_user_details/1" for 127.0.0.1 at 2022-04-19 00:33:10 +0530
Processing by UsersController#get_user_details as HTML
  Parameters: {"id"=>"1"}
  [1m[36mUser Load (0.4ms)[0m  [1m[34mSELECT "users".* FROM "users" WHERE "users"."id" = $1 LIMIT $2[0m  [["id", 1], ["LIMIT", 1]]
  ↳ app/controllers/users_controller.rb:47:in `get_user_details'
  Rendering layout layouts/application.html.erb
  Rendering users/get_user_details.html.erb within layouts/application
  Rendered users/get_user_details.html.erb within layouts/application (Duration: 0.1ms | Allocations: 26)
  Rendered layout layouts/application.html.erb (Duration: 4.1ms | Allocations: 2257)
Completed 200 OK in 7ms (Views: 4.7ms | ActiveRecord: 0.4ms | Allocations: 3003)


Started GET "/users/new" for 127.0.0.1 at 2022-04-19 00:33:14 +0530
Processing by UsersController#new as HTML
  Rendering layout layouts/application.html.erb
  Rendering users/new.html.erb within layouts/application
  Rendered users/_form.html.erb (Duration: 85.6ms | Allocations: 4256)
  Rendered users/new.html.erb within layouts/application (Duration: 87.3ms | Allocations: 4503)
  Rendered layout layouts/application.html.erb (Duration: 90.8ms | Allocations: 6543)
Completed 200 OK in 92ms (Views: 91.5ms | ActiveRecord: 0.0ms | Allocations: 6881)


Started GET "/users/new" for 127.0.0.1 at 2022-04-19 00:33:23 +0530
Processing by UsersController#new as HTML
  Rendering layout layouts/application.html.erb
  Rendering users/new.html.erb within layouts/application
  Rendered users/_form.html.erb (Duration: 4.6ms | Allocations: 1454)
  Rendered users/new.html.erb within layouts/application (Duration: 5.1ms | Allocations: 1525)
  Rendered layout layouts/application.html.erb (Duration: 13.0ms | Allocations: 3556)
Completed 200 OK in 15ms (Views: 14.0ms | ActiveRecord: 0.0ms | Allocations: 3835)


Started GET "/users/get_user_details/2" for 127.0.0.1 at 2022-04-19 00:33:27 +0530
Processing by UsersController#get_user_details as HTML
  Parameters: {"id"=>"2"}
  [1m[36mUser Load (0.6ms)[0m  [1m[34mSELECT "users".* FROM "users" WHERE "users"."id" = $1 LIMIT $2[0m  [["id", 2], ["LIMIT", 1]]
  ↳ app/controllers/users_controller.rb:47:in `get_user_details'
  Rendering layout layouts/application.html.erb
  Rendering users/get_user_details.html.erb within layouts/application
  Rendered users/get_user_details.html.erb within layouts/application (Duration: 0.1ms | Allocations: 26)
  Rendered layout layouts/application.html.erb (Duration: 7.0ms | Allocations: 2248)
Completed 200 OK in 11ms (Views: 8.0ms | ActiveRecord: 0.6ms | Allocations: 2977)


Started GET "/user" for 127.0.0.1 at 2022-04-19 00:33:40 +0530
  
ActionController::RoutingError (No route matches [GET] "/user"):
  
Started GET "/users" for 127.0.0.1 at 2022-04-19 00:33:43 +0530
Processing by UsersController#index as HTML
  Rendering layout layouts/application.html.erb
  Rendering users/index.html.erb within layouts/application
  [1m[36mUser Load (0.4ms)[0m  [1m[34mSELECT "users".* FROM "users"[0m
  ↳ app/views/users/index.html.erb:4
  Rendered users/index.html.erb within layouts/application (Duration: 2.3ms | Allocations: 639)
  Rendered layout layouts/application.html.erb (Duration: 10.2ms | Allocations: 2868)
Completed 200 OK in 12ms (Views: 10.8ms | ActiveRecord: 0.4ms | Allocations: 3132)


Started GET "/users/1" for 127.0.0.1 at 2022-04-19 00:33:47 +0530
Processing by UsersController#show as HTML
  Parameters: {"id"=>"1"}
  [1m[36mUser Load (0.5ms)[0m  [1m[34mSELECT "users".* FROM "users" WHERE "users"."id" = $1 LIMIT $2[0m  [["id", 1], ["LIMIT", 1]]
  ↳ app/controllers/users_controller.rb:8:in `show'
  Rendering layout layouts/application.html.erb
  Rendering users/show.html.erb within layouts/application
  Rendered users/show.html.erb within layouts/application (Duration: 1.1ms | Allocations: 339)
  Rendered layout layouts/application.html.erb (Duration: 4.3ms | Allocations: 2571)
Completed 200 OK in 8ms (Views: 4.8ms | ActiveRecord: 0.5ms | Allocations: 3357)


